Analysis & Synthesis report for tp78
Tue May 25 12:38:28 2021
Quartus Prime Version 18.1.0 Build 625 09/12/2018 SJ Lite Edition


---------------------
; Table of Contents ;
---------------------
  1. Legal Notice
  2. Analysis & Synthesis Summary
  3. Analysis & Synthesis Settings
  4. Parallel Compilation
  5. Analysis & Synthesis Source Files Read
  6. Analysis & Synthesis Resource Usage Summary
  7. Analysis & Synthesis Resource Utilization by Entity
  8. User-Specified and Inferred Latches
  9. General Register Statistics
 10. Multiplexer Restructuring Statistics (Restructuring Performed)
 11. Parameter Settings for User Entity Instance: system:sys|clock_divider:clock_div
 12. Parameter Settings for User Entity Instance: system:sys|cycle_manager:cycle_man
 13. Parameter Settings for User Entity Instance: system:sys|light_manager:light_man
 14. Parameter Settings for User Entity Instance: system:sys|light_manager:light_man|light_manager_normal:lmn_1
 15. Parameter Settings for User Entity Instance: system:sys|light_manager:light_man|light_manager_rush:lmr_1
 16. Port Connectivity Checks: "system:sys|bcd_to_7seg:decode2"
 17. Port Connectivity Checks: "system:sys|bcd_to_7seg:decode1"
 18. Post-Synthesis Netlist Statistics for Top Partition
 19. Elapsed Time Per Partition
 20. Analysis & Synthesis Messages



----------------
; Legal Notice ;
----------------
Copyright (C) 2018  Intel Corporation. All rights reserved.
Your use of Intel Corporation's design tools, logic functions 
and other software and tools, and its AMPP partner logic 
functions, and any output files from any of the foregoing 
(including device programming or simulation files), and any 
associated documentation or information are expressly subject 
to the terms and conditions of the Intel Program License 
Subscription Agreement, the Intel Quartus Prime License Agreement,
the Intel FPGA IP License Agreement, or other applicable license
agreement, including, without limitation, that your use is for
the sole purpose of programming logic devices manufactured by
Intel and sold by Intel or its authorized distributors.  Please
refer to the applicable agreement for further details.



+----------------------------------------------------------------------------------+
; Analysis & Synthesis Summary                                                     ;
+------------------------------------+---------------------------------------------+
; Analysis & Synthesis Status        ; Successful - Tue May 25 12:38:28 2021       ;
; Quartus Prime Version              ; 18.1.0 Build 625 09/12/2018 SJ Lite Edition ;
; Revision Name                      ; tp78                                        ;
; Top-level Entity Name              ; tp78                                        ;
; Family                             ; Cyclone IV E                                ;
; Total logic elements               ; 271                                         ;
;     Total combinational functions  ; 271                                         ;
;     Dedicated logic registers      ; 82                                          ;
; Total registers                    ; 82                                          ;
; Total pins                         ; 141                                         ;
; Total virtual pins                 ; 0                                           ;
; Total memory bits                  ; 0                                           ;
; Embedded Multiplier 9-bit elements ; 0                                           ;
; Total PLLs                         ; 0                                           ;
+------------------------------------+---------------------------------------------+


+------------------------------------------------------------------------------------------------------------+
; Analysis & Synthesis Settings                                                                              ;
+------------------------------------------------------------------+--------------------+--------------------+
; Option                                                           ; Setting            ; Default Value      ;
+------------------------------------------------------------------+--------------------+--------------------+
; Device                                                           ; EP4CE30F23C8       ;                    ;
; Top-level entity name                                            ; tp78               ; tp78               ;
; Family name                                                      ; Cyclone IV E       ; Cyclone V          ;
; Use smart compilation                                            ; Off                ; Off                ;
; Enable parallel Assembler and Timing Analyzer during compilation ; On                 ; On                 ;
; Enable compact report table                                      ; Off                ; Off                ;
; Restructure Multiplexers                                         ; Auto               ; Auto               ;
; Create Debugging Nodes for IP Cores                              ; Off                ; Off                ;
; Preserve fewer node names                                        ; On                 ; On                 ;
; Intel FPGA IP Evaluation Mode                                    ; Enable             ; Enable             ;
; Verilog Version                                                  ; Verilog_2001       ; Verilog_2001       ;
; VHDL Version                                                     ; VHDL_1993          ; VHDL_1993          ;
; State Machine Processing                                         ; Auto               ; Auto               ;
; Safe State Machine                                               ; Off                ; Off                ;
; Extract Verilog State Machines                                   ; On                 ; On                 ;
; Extract VHDL State Machines                                      ; On                 ; On                 ;
; Ignore Verilog initial constructs                                ; Off                ; Off                ;
; Iteration limit for constant Verilog loops                       ; 5000               ; 5000               ;
; Iteration limit for non-constant Verilog loops                   ; 250                ; 250                ;
; Add Pass-Through Logic to Inferred RAMs                          ; On                 ; On                 ;
; Infer RAMs from Raw Logic                                        ; On                 ; On                 ;
; Parallel Synthesis                                               ; On                 ; On                 ;
; DSP Block Balancing                                              ; Auto               ; Auto               ;
; NOT Gate Push-Back                                               ; On                 ; On                 ;
; Power-Up Don't Care                                              ; On                 ; On                 ;
; Remove Redundant Logic Cells                                     ; Off                ; Off                ;
; Remove Duplicate Registers                                       ; On                 ; On                 ;
; Ignore CARRY Buffers                                             ; Off                ; Off                ;
; Ignore CASCADE Buffers                                           ; Off                ; Off                ;
; Ignore GLOBAL Buffers                                            ; Off                ; Off                ;
; Ignore ROW GLOBAL Buffers                                        ; Off                ; Off                ;
; Ignore LCELL Buffers                                             ; Off                ; Off                ;
; Ignore SOFT Buffers                                              ; On                 ; On                 ;
; Limit AHDL Integers to 32 Bits                                   ; Off                ; Off                ;
; Optimization Technique                                           ; Balanced           ; Balanced           ;
; Carry Chain Length                                               ; 70                 ; 70                 ;
; Auto Carry Chains                                                ; On                 ; On                 ;
; Auto Open-Drain Pins                                             ; On                 ; On                 ;
; Perform WYSIWYG Primitive Resynthesis                            ; Off                ; Off                ;
; Auto ROM Replacement                                             ; On                 ; On                 ;
; Auto RAM Replacement                                             ; On                 ; On                 ;
; Auto DSP Block Replacement                                       ; On                 ; On                 ;
; Auto Shift Register Replacement                                  ; Auto               ; Auto               ;
; Allow Shift Register Merging across Hierarchies                  ; Auto               ; Auto               ;
; Auto Clock Enable Replacement                                    ; On                 ; On                 ;
; Strict RAM Replacement                                           ; Off                ; Off                ;
; Allow Synchronous Control Signals                                ; On                 ; On                 ;
; Force Use of Synchronous Clear Signals                           ; Off                ; Off                ;
; Auto RAM Block Balancing                                         ; On                 ; On                 ;
; Auto RAM to Logic Cell Conversion                                ; Off                ; Off                ;
; Auto Resource Sharing                                            ; Off                ; Off                ;
; Allow Any RAM Size For Recognition                               ; Off                ; Off                ;
; Allow Any ROM Size For Recognition                               ; Off                ; Off                ;
; Allow Any Shift Register Size For Recognition                    ; Off                ; Off                ;
; Use LogicLock Constraints during Resource Balancing              ; On                 ; On                 ;
; Ignore translate_off and synthesis_off directives                ; Off                ; Off                ;
; Timing-Driven Synthesis                                          ; On                 ; On                 ;
; Report Parameter Settings                                        ; On                 ; On                 ;
; Report Source Assignments                                        ; On                 ; On                 ;
; Report Connectivity Checks                                       ; On                 ; On                 ;
; Ignore Maximum Fan-Out Assignments                               ; Off                ; Off                ;
; Synchronization Register Chain Length                            ; 2                  ; 2                  ;
; Power Optimization During Synthesis                              ; Normal compilation ; Normal compilation ;
; HDL message level                                                ; Level2             ; Level2             ;
; Suppress Register Optimization Related Messages                  ; Off                ; Off                ;
; Number of Removed Registers Reported in Synthesis Report         ; 5000               ; 5000               ;
; Number of Swept Nodes Reported in Synthesis Report               ; 5000               ; 5000               ;
; Number of Inverted Registers Reported in Synthesis Report        ; 100                ; 100                ;
; Clock MUX Protection                                             ; On                 ; On                 ;
; Auto Gated Clock Conversion                                      ; Off                ; Off                ;
; Block Design Naming                                              ; Auto               ; Auto               ;
; SDC constraint protection                                        ; Off                ; Off                ;
; Synthesis Effort                                                 ; Auto               ; Auto               ;
; Shift Register Replacement - Allow Asynchronous Clear Signal     ; On                 ; On                 ;
; Pre-Mapping Resynthesis Optimization                             ; Off                ; Off                ;
; Analysis & Synthesis Message Level                               ; Medium             ; Medium             ;
; Disable Register Merging Across Hierarchies                      ; Auto               ; Auto               ;
; Resource Aware Inference For Block RAM                           ; On                 ; On                 ;
+------------------------------------------------------------------+--------------------+--------------------+


+------------------------------------------+
; Parallel Compilation                     ;
+----------------------------+-------------+
; Processors                 ; Number      ;
+----------------------------+-------------+
; Number detected on machine ; 8           ;
; Maximum allowed            ; 4           ;
;                            ;             ;
; Average used               ; 1.00        ;
; Maximum used               ; 4           ;
;                            ;             ;
; Usage by Processor         ; % Time Used ;
;     Processor 1            ; 100.0%      ;
;     Processors 2-4         ;   0.0%      ;
+----------------------------+-------------+


+------------------------------------------------------------------------------------------------------------------------------------------------------------------------------------------------------------------+
; Analysis & Synthesis Source Files Read                                                                                                                                                                           ;
+-----------------------------------------------+-----------------+-----------------+--------------------------------------------------------------------------------------------------------------------+---------+
; File Name with User-Entered Path              ; Used in Netlist ; File Type       ; File Name with Absolute Path                                                                                       ; Library ;
+-----------------------------------------------+-----------------+-----------------+--------------------------------------------------------------------------------------------------------------------+---------+
; ../architectures/tp78-rtl.vhd                 ; yes             ; User VHDL File  ; C:/Users/aniru/Documents/EPFL/BA First Year/BA2/DSD/Graded_TP/TP78/tp78/architectures/tp78-rtl.vhd                 ;         ;
; ../architectures/system-rtl.vhd               ; yes             ; User VHDL File  ; C:/Users/aniru/Documents/EPFL/BA First Year/BA2/DSD/Graded_TP/TP78/tp78/architectures/system-rtl.vhd               ;         ;
; ../architectures/light_manager-rtl.vhd        ; yes             ; User VHDL File  ; C:/Users/aniru/Documents/EPFL/BA First Year/BA2/DSD/Graded_TP/TP78/tp78/architectures/light_manager-rtl.vhd        ;         ;
; ../architectures/light_manager_rush-rtl.vhd   ; yes             ; User VHDL File  ; C:/Users/aniru/Documents/EPFL/BA First Year/BA2/DSD/Graded_TP/TP78/tp78/architectures/light_manager_rush-rtl.vhd   ;         ;
; ../architectures/light_manager_normal-rtl.vhd ; yes             ; User VHDL File  ; C:/Users/aniru/Documents/EPFL/BA First Year/BA2/DSD/Graded_TP/TP78/tp78/architectures/light_manager_normal-rtl.vhd ;         ;
; ../architectures/led_driver-rtl.vhd           ; yes             ; User VHDL File  ; C:/Users/aniru/Documents/EPFL/BA First Year/BA2/DSD/Graded_TP/TP78/tp78/architectures/led_driver-rtl.vhd           ;         ;
; ../architectures/cycle_manager-rtl.vhd        ; yes             ; User VHDL File  ; C:/Users/aniru/Documents/EPFL/BA First Year/BA2/DSD/Graded_TP/TP78/tp78/architectures/cycle_manager-rtl.vhd        ;         ;
; ../architectures/clock_divider-rtl.vhd        ; yes             ; User VHDL File  ; C:/Users/aniru/Documents/EPFL/BA First Year/BA2/DSD/Graded_TP/TP78/tp78/architectures/clock_divider-rtl.vhd        ;         ;
; ../architectures/bin_to_bcd-rtl.vhd           ; yes             ; User VHDL File  ; C:/Users/aniru/Documents/EPFL/BA First Year/BA2/DSD/Graded_TP/TP78/tp78/architectures/bin_to_bcd-rtl.vhd           ;         ;
; ../architectures/bcd_to_7seg-rtl.vhd          ; yes             ; User VHDL File  ; C:/Users/aniru/Documents/EPFL/BA First Year/BA2/DSD/Graded_TP/TP78/tp78/architectures/bcd_to_7seg-rtl.vhd          ;         ;
; ../packages/parameters.vhd                    ; yes             ; User VHDL File  ; C:/Users/aniru/Documents/EPFL/BA First Year/BA2/DSD/Graded_TP/TP78/tp78/packages/parameters.vhd                    ;         ;
; ../entities/tp78-entity.vhd                   ; yes             ; User VHDL File  ; C:/Users/aniru/Documents/EPFL/BA First Year/BA2/DSD/Graded_TP/TP78/tp78/entities/tp78-entity.vhd                   ;         ;
; ../entities/system-entity.vhd                 ; yes             ; User VHDL File  ; C:/Users/aniru/Documents/EPFL/BA First Year/BA2/DSD/Graded_TP/TP78/tp78/entities/system-entity.vhd                 ;         ;
; ../entities/light_manager-entity.vhd          ; yes             ; User VHDL File  ; C:/Users/aniru/Documents/EPFL/BA First Year/BA2/DSD/Graded_TP/TP78/tp78/entities/light_manager-entity.vhd          ;         ;
; ../entities/light_manager_rush-entity.vhd     ; yes             ; User VHDL File  ; C:/Users/aniru/Documents/EPFL/BA First Year/BA2/DSD/Graded_TP/TP78/tp78/entities/light_manager_rush-entity.vhd     ;         ;
; ../entities/light_manager_normal-entity.vhd   ; yes             ; User VHDL File  ; C:/Users/aniru/Documents/EPFL/BA First Year/BA2/DSD/Graded_TP/TP78/tp78/entities/light_manager_normal-entity.vhd   ;         ;
; ../entities/led_driver-entity.vhd             ; yes             ; User VHDL File  ; C:/Users/aniru/Documents/EPFL/BA First Year/BA2/DSD/Graded_TP/TP78/tp78/entities/led_driver-entity.vhd             ;         ;
; ../entities/cycle_manager-entity.vhd          ; yes             ; User VHDL File  ; C:/Users/aniru/Documents/EPFL/BA First Year/BA2/DSD/Graded_TP/TP78/tp78/entities/cycle_manager-entity.vhd          ;         ;
; ../entities/clock_divider-entity.vhd          ; yes             ; User VHDL File  ; C:/Users/aniru/Documents/EPFL/BA First Year/BA2/DSD/Graded_TP/TP78/tp78/entities/clock_divider-entity.vhd          ;         ;
; ../entities/bin_to_bcd-entity.vhd             ; yes             ; User VHDL File  ; C:/Users/aniru/Documents/EPFL/BA First Year/BA2/DSD/Graded_TP/TP78/tp78/entities/bin_to_bcd-entity.vhd             ;         ;
; ../entities/bcd_to_7seg-entity.vhd            ; yes             ; User VHDL File  ; C:/Users/aniru/Documents/EPFL/BA First Year/BA2/DSD/Graded_TP/TP78/tp78/entities/bcd_to_7seg-entity.vhd            ;         ;
+-----------------------------------------------+-----------------+-----------------+--------------------------------------------------------------------------------------------------------------------+---------+


+-----------------------------------------------------------------+
; Analysis & Synthesis Resource Usage Summary                     ;
+---------------------------------------------+-------------------+
; Resource                                    ; Usage             ;
+---------------------------------------------+-------------------+
; Estimated Total logic elements              ; 271               ;
;                                             ;                   ;
; Total combinational functions               ; 271               ;
; Logic element usage by number of LUT inputs ;                   ;
;     -- 4 input functions                    ; 126               ;
;     -- 3 input functions                    ; 58                ;
;     -- <=2 input functions                  ; 87                ;
;                                             ;                   ;
; Logic elements by mode                      ;                   ;
;     -- normal mode                          ; 194               ;
;     -- arithmetic mode                      ; 77                ;
;                                             ;                   ;
; Total registers                             ; 82                ;
;     -- Dedicated logic registers            ; 82                ;
;     -- I/O registers                        ; 0                 ;
;                                             ;                   ;
; I/O pins                                    ; 141               ;
;                                             ;                   ;
; Embedded Multiplier 9-bit elements          ; 0                 ;
;                                             ;                   ;
; Maximum fan-out node                        ; clock_50MHz~input ;
; Maximum fan-out                             ; 82                ;
; Total fan-out                               ; 1329              ;
; Average fan-out                             ; 2.09              ;
+---------------------------------------------+-------------------+


+------------------------------------------------------------------------------------------------------------------------------------------------------------------------------------------------------------------------------------------------------------------------------+
; Analysis & Synthesis Resource Utilization by Entity                                                                                                                                                                                                                          ;
+---------------------------------------+---------------------+---------------------------+-------------+--------------+---------+-----------+------+--------------+---------------------------------------------------------------------+----------------------+--------------+
; Compilation Hierarchy Node            ; Combinational ALUTs ; Dedicated Logic Registers ; Memory Bits ; DSP Elements ; DSP 9x9 ; DSP 18x18 ; Pins ; Virtual Pins ; Full Hierarchy Name                                                 ; Entity Name          ; Library Name ;
+---------------------------------------+---------------------+---------------------------+-------------+--------------+---------+-----------+------+--------------+---------------------------------------------------------------------+----------------------+--------------+
; |tp78                                 ; 271 (44)            ; 82 (32)                   ; 0           ; 0            ; 0       ; 0         ; 141  ; 0            ; |tp78                                                               ; tp78                 ; work         ;
;    |system:sys|                       ; 227 (0)             ; 50 (0)                    ; 0           ; 0            ; 0       ; 0         ; 0    ; 0            ; |tp78|system:sys                                                    ; system               ; work         ;
;       |bcd_to_7seg:decode1|           ; 9 (9)               ; 0 (0)                     ; 0           ; 0            ; 0       ; 0         ; 0    ; 0            ; |tp78|system:sys|bcd_to_7seg:decode1                                ; bcd_to_7seg          ; work         ;
;       |bcd_to_7seg:decode2|           ; 7 (7)               ; 0 (0)                     ; 0           ; 0            ; 0       ; 0         ; 0    ; 0            ; |tp78|system:sys|bcd_to_7seg:decode2                                ; bcd_to_7seg          ; work         ;
;       |bcd_to_7seg:decode3|           ; 14 (14)             ; 0 (0)                     ; 0           ; 0            ; 0       ; 0         ; 0    ; 0            ; |tp78|system:sys|bcd_to_7seg:decode3                                ; bcd_to_7seg          ; work         ;
;       |bcd_to_7seg:decode4|           ; 14 (14)             ; 0 (0)                     ; 0           ; 0            ; 0       ; 0         ; 0    ; 0            ; |tp78|system:sys|bcd_to_7seg:decode4                                ; bcd_to_7seg          ; work         ;
;       |bin_to_bcd:bcd|                ; 23 (23)             ; 0 (0)                     ; 0           ; 0            ; 0       ; 0         ; 0    ; 0            ; |tp78|system:sys|bin_to_bcd:bcd                                     ; bin_to_bcd           ; work         ;
;       |clock_divider:clock_div|       ; 48 (48)             ; 32 (32)                   ; 0           ; 0            ; 0       ; 0         ; 0    ; 0            ; |tp78|system:sys|clock_divider:clock_div                            ; clock_divider        ; work         ;
;       |cycle_manager:cycle_man|       ; 29 (29)             ; 18 (18)                   ; 0           ; 0            ; 0       ; 0         ; 0    ; 0            ; |tp78|system:sys|cycle_manager:cycle_man                            ; cycle_manager        ; work         ;
;       |light_manager:light_man|       ; 83 (19)             ; 0 (0)                     ; 0           ; 0            ; 0       ; 0         ; 0    ; 0            ; |tp78|system:sys|light_manager:light_man                            ; light_manager        ; work         ;
;          |light_manager_normal:lmn_1| ; 27 (27)             ; 0 (0)                     ; 0           ; 0            ; 0       ; 0         ; 0    ; 0            ; |tp78|system:sys|light_manager:light_man|light_manager_normal:lmn_1 ; light_manager_normal ; work         ;
;          |light_manager_rush:lmr_1|   ; 37 (37)             ; 0 (0)                     ; 0           ; 0            ; 0       ; 0         ; 0    ; 0            ; |tp78|system:sys|light_manager:light_man|light_manager_rush:lmr_1   ; light_manager_rush   ; work         ;
+---------------------------------------+---------------------+---------------------------+-------------+--------------+---------+-----------+------+--------------+---------------------------------------------------------------------+----------------------+--------------+
Note: For table entries with two numbers listed, the numbers in parentheses indicate the number of resources of the given type used by the specific entity alone. The numbers listed outside of parentheses indicate the total resources of the given type used by the specific entity and all of its sub-entities in the hierarchy.


+------------------------------------------------------------------------------------------------------------------------+
; User-Specified and Inferred Latches                                                                                    ;
+-------------------------------------------------------------------------+---------------------+------------------------+
; Latch Name                                                              ; Latch Enable Signal ; Free of Timing Hazards ;
+-------------------------------------------------------------------------+---------------------+------------------------+
; system:sys|light_manager:light_man|light_manager_normal:lmn_1|L4_green  ; GND                 ; yes                    ;
; system:sys|light_manager:light_man|light_manager_rush:lmr_1|L4_green    ; GND                 ; yes                    ;
; system:sys|light_manager:light_man|light_manager_normal:lmn_1|L3_green  ; GND                 ; yes                    ;
; system:sys|light_manager:light_man|light_manager_rush:lmr_1|L3_green    ; GND                 ; yes                    ;
; system:sys|light_manager:light_man|light_manager_normal:lmn_1|L2_green  ; GND                 ; yes                    ;
; system:sys|light_manager:light_man|light_manager_rush:lmr_1|L2_green    ; GND                 ; yes                    ;
; system:sys|light_manager:light_man|light_manager_normal:lmn_1|L1_green  ; GND                 ; yes                    ;
; system:sys|light_manager:light_man|light_manager_rush:lmr_1|L1_green    ; GND                 ; yes                    ;
; system:sys|light_manager:light_man|light_manager_normal:lmn_1|L2_yellow ; GND                 ; yes                    ;
; system:sys|light_manager:light_man|light_manager_rush:lmr_1|L2_yellow   ; GND                 ; yes                    ;
; system:sys|light_manager:light_man|light_manager_normal:lmn_1|L1_yellow ; GND                 ; yes                    ;
; system:sys|light_manager:light_man|light_manager_rush:lmr_1|L1_yellow   ; GND                 ; yes                    ;
; system:sys|light_manager:light_man|light_manager_normal:lmn_1|L4_red    ; GND                 ; yes                    ;
; system:sys|light_manager:light_man|light_manager_rush:lmr_1|L4_red      ; GND                 ; yes                    ;
; system:sys|light_manager:light_man|light_manager_normal:lmn_1|L3_red    ; GND                 ; yes                    ;
; system:sys|light_manager:light_man|light_manager_rush:lmr_1|L3_red      ; GND                 ; yes                    ;
; system:sys|light_manager:light_man|light_manager_normal:lmn_1|L2_red    ; GND                 ; yes                    ;
; system:sys|light_manager:light_man|light_manager_rush:lmr_1|L2_red      ; GND                 ; yes                    ;
; system:sys|light_manager:light_man|light_manager_normal:lmn_1|L1_red    ; GND                 ; yes                    ;
; system:sys|light_manager:light_man|light_manager_rush:lmr_1|L1_red      ; GND                 ; yes                    ;
; Number of user-specified and inferred latches = 20                      ;                     ;                        ;
+-------------------------------------------------------------------------+---------------------+------------------------+
Note: All latches listed above may not be present at the end of synthesis due to various synthesis optimizations.


+------------------------------------------------------+
; General Register Statistics                          ;
+----------------------------------------------+-------+
; Statistic                                    ; Value ;
+----------------------------------------------+-------+
; Total registers                              ; 82    ;
; Number of registers using Synchronous Clear  ; 41    ;
; Number of registers using Synchronous Load   ; 9     ;
; Number of registers using Asynchronous Clear ; 0     ;
; Number of registers using Asynchronous Load  ; 0     ;
; Number of registers using Clock Enable       ; 49    ;
; Number of registers using Preset             ; 0     ;
+----------------------------------------------+-------+


+-------------------------------------------------------------------------------------------------------------------------------------------------------------------------------------------+
; Multiplexer Restructuring Statistics (Restructuring Performed)                                                                                                                            ;
+--------------------+-----------+---------------+----------------------+------------------------+------------+-----------------------------------------------------------------------------+
; Multiplexer Inputs ; Bus Width ; Baseline Area ; Area if Restructured ; Saving if Restructured ; Registered ; Example Multiplexer Output                                                  ;
+--------------------+-----------+---------------+----------------------+------------------------+------------+-----------------------------------------------------------------------------+
; 3:1                ; 32 bits   ; 64 LEs        ; 32 LEs               ; 32 LEs                 ; Yes        ; |tp78|system:sys|clock_divider:clock_div|s_current_state[21]                ;
; 4:1                ; 9 bits    ; 18 LEs        ; 18 LEs               ; 0 LEs                  ; Yes        ; |tp78|system:sys|cycle_manager:cycle_man|s_time_of_day[0]                   ;
; 4:1                ; 9 bits    ; 18 LEs        ; 9 LEs                ; 9 LEs                  ; Yes        ; |tp78|system:sys|cycle_manager:cycle_man|s_current_state[1]                 ;
; 3:1                ; 4 bits    ; 8 LEs         ; 8 LEs                ; 0 LEs                  ; No         ; |tp78|system:sys|light_manager:light_man|L3_countdown[3]                    ;
; 3:1                ; 4 bits    ; 8 LEs         ; 8 LEs                ; 0 LEs                  ; No         ; |tp78|system:sys|light_manager:light_man|L4_countdown[0]                    ;
; 3:1                ; 3 bits    ; 6 LEs         ; 6 LEs                ; 0 LEs                  ; No         ; |tp78|system:sys|light_manager:light_man|light_manager_normal:lmn_1|L3_red  ;
; 4:1                ; 5 bits    ; 10 LEs        ; 10 LEs               ; 0 LEs                  ; No         ; |tp78|system:sys|light_manager:light_man|light_manager_rush:lmr_1|L2_yellow ;
+--------------------+-----------+---------------+----------------------+------------------------+------------+-----------------------------------------------------------------------------+


+---------------------------------------------------------------------------------+
; Parameter Settings for User Entity Instance: system:sys|clock_divider:clock_div ;
+------------------+----------------------------------+---------------------------+
; Parameter Name   ; Value                            ; Type                      ;
+------------------+----------------------------------+---------------------------+
; ticks_per_second ; 00000000101111101011110000100000 ; Unsigned Binary           ;
+------------------+----------------------------------+---------------------------+
Note: In order to hide this table in the UI and the text report file, please set the "Show Parameter Settings in Synthesis Report" option in "Analysis and Synthesis Settings -> More Settings" to "Off".


+---------------------------------------------------------------------------------+
; Parameter Settings for User Entity Instance: system:sys|cycle_manager:cycle_man ;
+----------------+-----------+----------------------------------------------------+
; Parameter Name ; Value     ; Type                                               ;
+----------------+-----------+----------------------------------------------------+
; r1             ; 000110010 ; Unsigned Binary                                    ;
; r2             ; 001010000 ; Unsigned Binary                                    ;
; r3             ; 001111000 ; Unsigned Binary                                    ;
; r4             ; 010100101 ; Unsigned Binary                                    ;
; cn             ; 000010100 ; Unsigned Binary                                    ;
; cr             ; 000001111 ; Unsigned Binary                                    ;
; d              ; 010101111 ; Unsigned Binary                                    ;
+----------------+-----------+----------------------------------------------------+
Note: In order to hide this table in the UI and the text report file, please set the "Show Parameter Settings in Synthesis Report" option in "Analysis and Synthesis Settings -> More Settings" to "Off".


+---------------------------------------------------------------------------------+
; Parameter Settings for User Entity Instance: system:sys|light_manager:light_man ;
+----------------+-----------+----------------------------------------------------+
; Parameter Name ; Value     ; Type                                               ;
+----------------+-----------+----------------------------------------------------+
; t1             ; 000001001 ; Unsigned Binary                                    ;
; t2             ; 000001001 ; Unsigned Binary                                    ;
; t3             ; 000000011 ; Unsigned Binary                                    ;
; t4             ; 000000011 ; Unsigned Binary                                    ;
; t5             ; 000000110 ; Unsigned Binary                                    ;
; ty             ; 000000001 ; Unsigned Binary                                    ;
+----------------+-----------+----------------------------------------------------+
Note: In order to hide this table in the UI and the text report file, please set the "Show Parameter Settings in Synthesis Report" option in "Analysis and Synthesis Settings -> More Settings" to "Off".


+------------------------------------------------------------------------------------------------------------+
; Parameter Settings for User Entity Instance: system:sys|light_manager:light_man|light_manager_normal:lmn_1 ;
+----------------+-----------+-------------------------------------------------------------------------------+
; Parameter Name ; Value     ; Type                                                                          ;
+----------------+-----------+-------------------------------------------------------------------------------+
; t1             ; 000001001 ; Unsigned Binary                                                               ;
; t2             ; 000001001 ; Unsigned Binary                                                               ;
; ty             ; 000000001 ; Unsigned Binary                                                               ;
+----------------+-----------+-------------------------------------------------------------------------------+
Note: In order to hide this table in the UI and the text report file, please set the "Show Parameter Settings in Synthesis Report" option in "Analysis and Synthesis Settings -> More Settings" to "Off".


+----------------------------------------------------------------------------------------------------------+
; Parameter Settings for User Entity Instance: system:sys|light_manager:light_man|light_manager_rush:lmr_1 ;
+----------------+-----------+-----------------------------------------------------------------------------+
; Parameter Name ; Value     ; Type                                                                        ;
+----------------+-----------+-----------------------------------------------------------------------------+
; t3             ; 000000011 ; Unsigned Binary                                                             ;
; t4             ; 000000011 ; Unsigned Binary                                                             ;
; t5             ; 000000110 ; Unsigned Binary                                                             ;
; ty             ; 000000001 ; Unsigned Binary                                                             ;
+----------------+-----------+-----------------------------------------------------------------------------+
Note: In order to hide this table in the UI and the text report file, please set the "Show Parameter Settings in Synthesis Report" option in "Analysis and Synthesis Settings -> More Settings" to "Off".


+------------------------------------------------------------+
; Port Connectivity Checks: "system:sys|bcd_to_7seg:decode2" ;
+------+-------+----------+----------------------------------+
; Port ; Type  ; Severity ; Details                          ;
+------+-------+----------+----------------------------------+
; en   ; Input ; Info     ; Stuck at VCC                     ;
+------+-------+----------+----------------------------------+


+------------------------------------------------------------+
; Port Connectivity Checks: "system:sys|bcd_to_7seg:decode1" ;
+------+-------+----------+----------------------------------+
; Port ; Type  ; Severity ; Details                          ;
+------+-------+----------+----------------------------------+
; en   ; Input ; Info     ; Stuck at VCC                     ;
+------+-------+----------+----------------------------------+


+-----------------------------------------------------+
; Post-Synthesis Netlist Statistics for Top Partition ;
+-----------------------+-----------------------------+
; Type                  ; Count                       ;
+-----------------------+-----------------------------+
; boundary_port         ; 141                         ;
; cycloneiii_ff         ; 82                          ;
;     ENA               ; 31                          ;
;     ENA SCLR          ; 9                           ;
;     ENA SLD           ; 9                           ;
;     SCLR              ; 32                          ;
;     plain             ; 1                           ;
; cycloneiii_lcell_comb ; 284                         ;
;     arith             ; 77                          ;
;         2 data inputs ; 76                          ;
;         3 data inputs ; 1                           ;
;     normal            ; 207                         ;
;         0 data inputs ; 1                           ;
;         1 data inputs ; 17                          ;
;         2 data inputs ; 6                           ;
;         3 data inputs ; 57                          ;
;         4 data inputs ; 126                         ;
;                       ;                             ;
; Max LUT depth         ; 6.00                        ;
; Average LUT depth     ; 3.82                        ;
+-----------------------+-----------------------------+


+-------------------------------+
; Elapsed Time Per Partition    ;
+----------------+--------------+
; Partition Name ; Elapsed Time ;
+----------------+--------------+
; Top            ; 00:00:01     ;
+----------------+--------------+


+-------------------------------+
; Analysis & Synthesis Messages ;
+-------------------------------+
Info: *******************************************************************
Info: Running Quartus Prime Analysis & Synthesis
    Info: Version 18.1.0 Build 625 09/12/2018 SJ Lite Edition
    Info: Processing started: Tue May 25 12:38:15 2021
Info: Command: quartus_map --read_settings_files=on --write_settings_files=off tp78 -c tp78
Warning (18236): Number of processors has not been specified which may cause overloading on shared machines.  Set the global assignment NUM_PARALLEL_PROCESSORS in your QSF to an appropriate value for best performance.
Info (20030): Parallel compilation is enabled and will use 4 of the 4 processors detected
Info (12021): Found 1 design units, including 0 entities, in source file /users/aniru/documents/epfl/ba first year/ba2/dsd/graded_tp/tp78/tp78/architectures/tp78-rtl.vhd
    Info (12022): Found design unit 1: tp78-rtl File: C:/Users/aniru/Documents/EPFL/BA First Year/BA2/DSD/Graded_TP/TP78/tp78/architectures/tp78-rtl.vhd Line: 1
Info (12021): Found 1 design units, including 0 entities, in source file /users/aniru/documents/epfl/ba first year/ba2/dsd/graded_tp/tp78/tp78/architectures/system-rtl.vhd
    Info (12022): Found design unit 1: system-rtl File: C:/Users/aniru/Documents/EPFL/BA First Year/BA2/DSD/Graded_TP/TP78/tp78/architectures/system-rtl.vhd Line: 1
Info (12021): Found 1 design units, including 0 entities, in source file /users/aniru/documents/epfl/ba first year/ba2/dsd/graded_tp/tp78/tp78/architectures/light_manager-rtl.vhd
    Info (12022): Found design unit 1: light_manager-rtl File: C:/Users/aniru/Documents/EPFL/BA First Year/BA2/DSD/Graded_TP/TP78/tp78/architectures/light_manager-rtl.vhd Line: 1
Info (12021): Found 1 design units, including 0 entities, in source file /users/aniru/documents/epfl/ba first year/ba2/dsd/graded_tp/tp78/tp78/architectures/light_manager_rush-rtl.vhd
    Info (12022): Found design unit 1: light_manager_rush-rtl File: C:/Users/aniru/Documents/EPFL/BA First Year/BA2/DSD/Graded_TP/TP78/tp78/architectures/light_manager_rush-rtl.vhd Line: 1
Info (12021): Found 1 design units, including 0 entities, in source file /users/aniru/documents/epfl/ba first year/ba2/dsd/graded_tp/tp78/tp78/architectures/light_manager_normal-rtl.vhd
    Info (12022): Found design unit 1: light_manager_normal-rtl File: C:/Users/aniru/Documents/EPFL/BA First Year/BA2/DSD/Graded_TP/TP78/tp78/architectures/light_manager_normal-rtl.vhd Line: 1
Info (12021): Found 1 design units, including 0 entities, in source file /users/aniru/documents/epfl/ba first year/ba2/dsd/graded_tp/tp78/tp78/architectures/led_driver-rtl.vhd
    Info (12022): Found design unit 1: led_driver-rtl File: C:/Users/aniru/Documents/EPFL/BA First Year/BA2/DSD/Graded_TP/TP78/tp78/architectures/led_driver-rtl.vhd Line: 1
Info (12021): Found 1 design units, including 0 entities, in source file /users/aniru/documents/epfl/ba first year/ba2/dsd/graded_tp/tp78/tp78/architectures/cycle_manager-rtl.vhd
    Info (12022): Found design unit 1: cycle_manager-rtl File: C:/Users/aniru/Documents/EPFL/BA First Year/BA2/DSD/Graded_TP/TP78/tp78/architectures/cycle_manager-rtl.vhd Line: 1
Info (12021): Found 1 design units, including 0 entities, in source file /users/aniru/documents/epfl/ba first year/ba2/dsd/graded_tp/tp78/tp78/architectures/clock_divider-rtl.vhd
    Info (12022): Found design unit 1: clock_divider-rtl File: C:/Users/aniru/Documents/EPFL/BA First Year/BA2/DSD/Graded_TP/TP78/tp78/architectures/clock_divider-rtl.vhd Line: 1
Info (12021): Found 1 design units, including 0 entities, in source file /users/aniru/documents/epfl/ba first year/ba2/dsd/graded_tp/tp78/tp78/architectures/bin_to_bcd-rtl.vhd
    Info (12022): Found design unit 1: bin_to_bcd-rtl File: C:/Users/aniru/Documents/EPFL/BA First Year/BA2/DSD/Graded_TP/TP78/tp78/architectures/bin_to_bcd-rtl.vhd Line: 1
Info (12021): Found 1 design units, including 0 entities, in source file /users/aniru/documents/epfl/ba first year/ba2/dsd/graded_tp/tp78/tp78/architectures/bcd_to_7seg-rtl.vhd
    Info (12022): Found design unit 1: bcd_to_7seg-rtl File: C:/Users/aniru/Documents/EPFL/BA First Year/BA2/DSD/Graded_TP/TP78/tp78/architectures/bcd_to_7seg-rtl.vhd Line: 1
Info (12021): Found 1 design units, including 0 entities, in source file /users/aniru/documents/epfl/ba first year/ba2/dsd/graded_tp/tp78/tp78/packages/parameters.vhd
    Info (12022): Found design unit 1: parameters File: C:/Users/aniru/Documents/EPFL/BA First Year/BA2/DSD/Graded_TP/TP78/tp78/packages/parameters.vhd Line: 5
Info (12021): Found 1 design units, including 1 entities, in source file /users/aniru/documents/epfl/ba first year/ba2/dsd/graded_tp/tp78/tp78/entities/tp78-entity.vhd
    Info (12023): Found entity 1: tp78 File: C:/Users/aniru/Documents/EPFL/BA First Year/BA2/DSD/Graded_TP/TP78/tp78/entities/tp78-entity.vhd Line: 6
Info (12021): Found 1 design units, including 1 entities, in source file /users/aniru/documents/epfl/ba first year/ba2/dsd/graded_tp/tp78/tp78/entities/system-entity.vhd
    Info (12023): Found entity 1: system File: C:/Users/aniru/Documents/EPFL/BA First Year/BA2/DSD/Graded_TP/TP78/tp78/entities/system-entity.vhd Line: 7
Info (12021): Found 1 design units, including 1 entities, in source file /users/aniru/documents/epfl/ba first year/ba2/dsd/graded_tp/tp78/tp78/entities/light_manager-entity.vhd
    Info (12023): Found entity 1: light_manager File: C:/Users/aniru/Documents/EPFL/BA First Year/BA2/DSD/Graded_TP/TP78/tp78/entities/light_manager-entity.vhd Line: 5
Info (12021): Found 1 design units, including 1 entities, in source file /users/aniru/documents/epfl/ba first year/ba2/dsd/graded_tp/tp78/tp78/entities/light_manager_rush-entity.vhd
    Info (12023): Found entity 1: light_manager_rush File: C:/Users/aniru/Documents/EPFL/BA First Year/BA2/DSD/Graded_TP/TP78/tp78/entities/light_manager_rush-entity.vhd Line: 5
Info (12021): Found 1 design units, including 1 entities, in source file /users/aniru/documents/epfl/ba first year/ba2/dsd/graded_tp/tp78/tp78/entities/light_manager_normal-entity.vhd
    Info (12023): Found entity 1: light_manager_normal File: C:/Users/aniru/Documents/EPFL/BA First Year/BA2/DSD/Graded_TP/TP78/tp78/entities/light_manager_normal-entity.vhd Line: 5
Info (12021): Found 1 design units, including 1 entities, in source file /users/aniru/documents/epfl/ba first year/ba2/dsd/graded_tp/tp78/tp78/entities/led_driver-entity.vhd
    Info (12023): Found entity 1: led_driver File: C:/Users/aniru/Documents/EPFL/BA First Year/BA2/DSD/Graded_TP/TP78/tp78/entities/led_driver-entity.vhd Line: 6
Info (12021): Found 1 design units, including 1 entities, in source file /users/aniru/documents/epfl/ba first year/ba2/dsd/graded_tp/tp78/tp78/entities/cycle_manager-entity.vhd
    Info (12023): Found entity 1: cycle_manager File: C:/Users/aniru/Documents/EPFL/BA First Year/BA2/DSD/Graded_TP/TP78/tp78/entities/cycle_manager-entity.vhd Line: 5
Info (12021): Found 1 design units, including 1 entities, in source file /users/aniru/documents/epfl/ba first year/ba2/dsd/graded_tp/tp78/tp78/entities/clock_divider-entity.vhd
    Info (12023): Found entity 1: clock_divider File: C:/Users/aniru/Documents/EPFL/BA First Year/BA2/DSD/Graded_TP/TP78/tp78/entities/clock_divider-entity.vhd Line: 6
Info (12021): Found 1 design units, including 1 entities, in source file /users/aniru/documents/epfl/ba first year/ba2/dsd/graded_tp/tp78/tp78/entities/bin_to_bcd-entity.vhd
    Info (12023): Found entity 1: bin_to_bcd File: C:/Users/aniru/Documents/EPFL/BA First Year/BA2/DSD/Graded_TP/TP78/tp78/entities/bin_to_bcd-entity.vhd Line: 6
Info (12021): Found 1 design units, including 1 entities, in source file /users/aniru/documents/epfl/ba first year/ba2/dsd/graded_tp/tp78/tp78/entities/bcd_to_7seg-entity.vhd
    Info (12023): Found entity 1: bcd_to_7seg File: C:/Users/aniru/Documents/EPFL/BA First Year/BA2/DSD/Graded_TP/TP78/tp78/entities/bcd_to_7seg-entity.vhd Line: 6
Info (12127): Elaborating entity "tp78" for the top level hierarchy
Info (12129): Elaborating entity "system" using architecture "A:rtl" for hierarchy "system:sys" File: C:/Users/aniru/Documents/EPFL/BA First Year/BA2/DSD/Graded_TP/TP78/tp78/architectures/tp78-rtl.vhd Line: 6
Info (12128): Elaborating entity "clock_divider" for hierarchy "system:sys|clock_divider:clock_div" File: C:/Users/aniru/Documents/EPFL/BA First Year/BA2/DSD/Graded_TP/TP78/tp78/architectures/system-rtl.vhd Line: 67
Info (12128): Elaborating entity "cycle_manager" for hierarchy "system:sys|cycle_manager:cycle_man" File: C:/Users/aniru/Documents/EPFL/BA First Year/BA2/DSD/Graded_TP/TP78/tp78/architectures/system-rtl.vhd Line: 78
Info (12128): Elaborating entity "light_manager" for hierarchy "system:sys|light_manager:light_man" File: C:/Users/aniru/Documents/EPFL/BA First Year/BA2/DSD/Graded_TP/TP78/tp78/architectures/system-rtl.vhd Line: 96
Info (12128): Elaborating entity "light_manager_normal" for hierarchy "system:sys|light_manager:light_man|light_manager_normal:lmn_1" File: C:/Users/aniru/Documents/EPFL/BA First Year/BA2/DSD/Graded_TP/TP78/tp78/architectures/light_manager-rtl.vhd Line: 41
Warning (10631): VHDL Process Statement warning at light_manager_normal-rtl.vhd(13): inferring latch(es) for signal or variable "L1_red", which holds its previous value in one or more paths through the process File: C:/Users/aniru/Documents/EPFL/BA First Year/BA2/DSD/Graded_TP/TP78/tp78/architectures/light_manager_normal-rtl.vhd Line: 13
Warning (10631): VHDL Process Statement warning at light_manager_normal-rtl.vhd(13): inferring latch(es) for signal or variable "L1_yellow", which holds its previous value in one or more paths through the process File: C:/Users/aniru/Documents/EPFL/BA First Year/BA2/DSD/Graded_TP/TP78/tp78/architectures/light_manager_normal-rtl.vhd Line: 13
Warning (10631): VHDL Process Statement warning at light_manager_normal-rtl.vhd(13): inferring latch(es) for signal or variable "L1_green", which holds its previous value in one or more paths through the process File: C:/Users/aniru/Documents/EPFL/BA First Year/BA2/DSD/Graded_TP/TP78/tp78/architectures/light_manager_normal-rtl.vhd Line: 13
Warning (10631): VHDL Process Statement warning at light_manager_normal-rtl.vhd(13): inferring latch(es) for signal or variable "L2_red", which holds its previous value in one or more paths through the process File: C:/Users/aniru/Documents/EPFL/BA First Year/BA2/DSD/Graded_TP/TP78/tp78/architectures/light_manager_normal-rtl.vhd Line: 13
Warning (10631): VHDL Process Statement warning at light_manager_normal-rtl.vhd(13): inferring latch(es) for signal or variable "L2_yellow", which holds its previous value in one or more paths through the process File: C:/Users/aniru/Documents/EPFL/BA First Year/BA2/DSD/Graded_TP/TP78/tp78/architectures/light_manager_normal-rtl.vhd Line: 13
Warning (10631): VHDL Process Statement warning at light_manager_normal-rtl.vhd(13): inferring latch(es) for signal or variable "L2_green", which holds its previous value in one or more paths through the process File: C:/Users/aniru/Documents/EPFL/BA First Year/BA2/DSD/Graded_TP/TP78/tp78/architectures/light_manager_normal-rtl.vhd Line: 13
Warning (10631): VHDL Process Statement warning at light_manager_normal-rtl.vhd(13): inferring latch(es) for signal or variable "L3_red", which holds its previous value in one or more paths through the process File: C:/Users/aniru/Documents/EPFL/BA First Year/BA2/DSD/Graded_TP/TP78/tp78/architectures/light_manager_normal-rtl.vhd Line: 13
Warning (10631): VHDL Process Statement warning at light_manager_normal-rtl.vhd(13): inferring latch(es) for signal or variable "L3_green", which holds its previous value in one or more paths through the process File: C:/Users/aniru/Documents/EPFL/BA First Year/BA2/DSD/Graded_TP/TP78/tp78/architectures/light_manager_normal-rtl.vhd Line: 13
Warning (10631): VHDL Process Statement warning at light_manager_normal-rtl.vhd(13): inferring latch(es) for signal or variable "L4_red", which holds its previous value in one or more paths through the process File: C:/Users/aniru/Documents/EPFL/BA First Year/BA2/DSD/Graded_TP/TP78/tp78/architectures/light_manager_normal-rtl.vhd Line: 13
Warning (10631): VHDL Process Statement warning at light_manager_normal-rtl.vhd(13): inferring latch(es) for signal or variable "L4_green", which holds its previous value in one or more paths through the process File: C:/Users/aniru/Documents/EPFL/BA First Year/BA2/DSD/Graded_TP/TP78/tp78/architectures/light_manager_normal-rtl.vhd Line: 13
Info (10041): Inferred latch for "L4_green" at light_manager_normal-rtl.vhd(13) File: C:/Users/aniru/Documents/EPFL/BA First Year/BA2/DSD/Graded_TP/TP78/tp78/architectures/light_manager_normal-rtl.vhd Line: 13
Info (10041): Inferred latch for "L4_red" at light_manager_normal-rtl.vhd(13) File: C:/Users/aniru/Documents/EPFL/BA First Year/BA2/DSD/Graded_TP/TP78/tp78/architectures/light_manager_normal-rtl.vhd Line: 13
Info (10041): Inferred latch for "L3_green" at light_manager_normal-rtl.vhd(13) File: C:/Users/aniru/Documents/EPFL/BA First Year/BA2/DSD/Graded_TP/TP78/tp78/architectures/light_manager_normal-rtl.vhd Line: 13
Info (10041): Inferred latch for "L3_red" at light_manager_normal-rtl.vhd(13) File: C:/Users/aniru/Documents/EPFL/BA First Year/BA2/DSD/Graded_TP/TP78/tp78/architectures/light_manager_normal-rtl.vhd Line: 13
Info (10041): Inferred latch for "L2_green" at light_manager_normal-rtl.vhd(13) File: C:/Users/aniru/Documents/EPFL/BA First Year/BA2/DSD/Graded_TP/TP78/tp78/architectures/light_manager_normal-rtl.vhd Line: 13
Info (10041): Inferred latch for "L2_yellow" at light_manager_normal-rtl.vhd(13) File: C:/Users/aniru/Documents/EPFL/BA First Year/BA2/DSD/Graded_TP/TP78/tp78/architectures/light_manager_normal-rtl.vhd Line: 13
Info (10041): Inferred latch for "L2_red" at light_manager_normal-rtl.vhd(13) File: C:/Users/aniru/Documents/EPFL/BA First Year/BA2/DSD/Graded_TP/TP78/tp78/architectures/light_manager_normal-rtl.vhd Line: 13
Info (10041): Inferred latch for "L1_green" at light_manager_normal-rtl.vhd(13) File: C:/Users/aniru/Documents/EPFL/BA First Year/BA2/DSD/Graded_TP/TP78/tp78/architectures/light_manager_normal-rtl.vhd Line: 13
Info (10041): Inferred latch for "L1_yellow" at light_manager_normal-rtl.vhd(13) File: C:/Users/aniru/Documents/EPFL/BA First Year/BA2/DSD/Graded_TP/TP78/tp78/architectures/light_manager_normal-rtl.vhd Line: 13
Info (10041): Inferred latch for "L1_red" at light_manager_normal-rtl.vhd(13) File: C:/Users/aniru/Documents/EPFL/BA First Year/BA2/DSD/Graded_TP/TP78/tp78/architectures/light_manager_normal-rtl.vhd Line: 13
Info (12128): Elaborating entity "light_manager_rush" for hierarchy "system:sys|light_manager:light_man|light_manager_rush:lmr_1" File: C:/Users/aniru/Documents/EPFL/BA First Year/BA2/DSD/Graded_TP/TP78/tp78/architectures/light_manager-rtl.vhd Line: 66
Warning (10631): VHDL Process Statement warning at light_manager_rush-rtl.vhd(12): inferring latch(es) for signal or variable "L1_red", which holds its previous value in one or more paths through the process File: C:/Users/aniru/Documents/EPFL/BA First Year/BA2/DSD/Graded_TP/TP78/tp78/architectures/light_manager_rush-rtl.vhd Line: 12
Warning (10631): VHDL Process Statement warning at light_manager_rush-rtl.vhd(12): inferring latch(es) for signal or variable "L1_yellow", which holds its previous value in one or more paths through the process File: C:/Users/aniru/Documents/EPFL/BA First Year/BA2/DSD/Graded_TP/TP78/tp78/architectures/light_manager_rush-rtl.vhd Line: 12
Warning (10631): VHDL Process Statement warning at light_manager_rush-rtl.vhd(12): inferring latch(es) for signal or variable "L1_green", which holds its previous value in one or more paths through the process File: C:/Users/aniru/Documents/EPFL/BA First Year/BA2/DSD/Graded_TP/TP78/tp78/architectures/light_manager_rush-rtl.vhd Line: 12
Warning (10631): VHDL Process Statement warning at light_manager_rush-rtl.vhd(12): inferring latch(es) for signal or variable "L2_red", which holds its previous value in one or more paths through the process File: C:/Users/aniru/Documents/EPFL/BA First Year/BA2/DSD/Graded_TP/TP78/tp78/architectures/light_manager_rush-rtl.vhd Line: 12
Warning (10631): VHDL Process Statement warning at light_manager_rush-rtl.vhd(12): inferring latch(es) for signal or variable "L2_yellow", which holds its previous value in one or more paths through the process File: C:/Users/aniru/Documents/EPFL/BA First Year/BA2/DSD/Graded_TP/TP78/tp78/architectures/light_manager_rush-rtl.vhd Line: 12
Warning (10631): VHDL Process Statement warning at light_manager_rush-rtl.vhd(12): inferring latch(es) for signal or variable "L2_green", which holds its previous value in one or more paths through the process File: C:/Users/aniru/Documents/EPFL/BA First Year/BA2/DSD/Graded_TP/TP78/tp78/architectures/light_manager_rush-rtl.vhd Line: 12
Warning (10631): VHDL Process Statement warning at light_manager_rush-rtl.vhd(12): inferring latch(es) for signal or variable "L3_red", which holds its previous value in one or more paths through the process File: C:/Users/aniru/Documents/EPFL/BA First Year/BA2/DSD/Graded_TP/TP78/tp78/architectures/light_manager_rush-rtl.vhd Line: 12
Warning (10631): VHDL Process Statement warning at light_manager_rush-rtl.vhd(12): inferring latch(es) for signal or variable "L3_green", which holds its previous value in one or more paths through the process File: C:/Users/aniru/Documents/EPFL/BA First Year/BA2/DSD/Graded_TP/TP78/tp78/architectures/light_manager_rush-rtl.vhd Line: 12
Warning (10631): VHDL Process Statement warning at light_manager_rush-rtl.vhd(12): inferring latch(es) for signal or variable "L4_red", which holds its previous value in one or more paths through the process File: C:/Users/aniru/Documents/EPFL/BA First Year/BA2/DSD/Graded_TP/TP78/tp78/architectures/light_manager_rush-rtl.vhd Line: 12
Warning (10631): VHDL Process Statement warning at light_manager_rush-rtl.vhd(12): inferring latch(es) for signal or variable "L4_green", which holds its previous value in one or more paths through the process File: C:/Users/aniru/Documents/EPFL/BA First Year/BA2/DSD/Graded_TP/TP78/tp78/architectures/light_manager_rush-rtl.vhd Line: 12
Info (10041): Inferred latch for "L4_green" at light_manager_rush-rtl.vhd(12) File: C:/Users/aniru/Documents/EPFL/BA First Year/BA2/DSD/Graded_TP/TP78/tp78/architectures/light_manager_rush-rtl.vhd Line: 12
Info (10041): Inferred latch for "L4_red" at light_manager_rush-rtl.vhd(12) File: C:/Users/aniru/Documents/EPFL/BA First Year/BA2/DSD/Graded_TP/TP78/tp78/architectures/light_manager_rush-rtl.vhd Line: 12
Info (10041): Inferred latch for "L3_green" at light_manager_rush-rtl.vhd(12) File: C:/Users/aniru/Documents/EPFL/BA First Year/BA2/DSD/Graded_TP/TP78/tp78/architectures/light_manager_rush-rtl.vhd Line: 12
Info (10041): Inferred latch for "L3_red" at light_manager_rush-rtl.vhd(12) File: C:/Users/aniru/Documents/EPFL/BA First Year/BA2/DSD/Graded_TP/TP78/tp78/architectures/light_manager_rush-rtl.vhd Line: 12
Info (10041): Inferred latch for "L2_green" at light_manager_rush-rtl.vhd(12) File: C:/Users/aniru/Documents/EPFL/BA First Year/BA2/DSD/Graded_TP/TP78/tp78/architectures/light_manager_rush-rtl.vhd Line: 12
Info (10041): Inferred latch for "L2_yellow" at light_manager_rush-rtl.vhd(12) File: C:/Users/aniru/Documents/EPFL/BA First Year/BA2/DSD/Graded_TP/TP78/tp78/architectures/light_manager_rush-rtl.vhd Line: 12
Info (10041): Inferred latch for "L2_red" at light_manager_rush-rtl.vhd(12) File: C:/Users/aniru/Documents/EPFL/BA First Year/BA2/DSD/Graded_TP/TP78/tp78/architectures/light_manager_rush-rtl.vhd Line: 12
Info (10041): Inferred latch for "L1_green" at light_manager_rush-rtl.vhd(12) File: C:/Users/aniru/Documents/EPFL/BA First Year/BA2/DSD/Graded_TP/TP78/tp78/architectures/light_manager_rush-rtl.vhd Line: 12
Info (10041): Inferred latch for "L1_yellow" at light_manager_rush-rtl.vhd(12) File: C:/Users/aniru/Documents/EPFL/BA First Year/BA2/DSD/Graded_TP/TP78/tp78/architectures/light_manager_rush-rtl.vhd Line: 12
Info (10041): Inferred latch for "L1_red" at light_manager_rush-rtl.vhd(12) File: C:/Users/aniru/Documents/EPFL/BA First Year/BA2/DSD/Graded_TP/TP78/tp78/architectures/light_manager_rush-rtl.vhd Line: 12
Info (12129): Elaborating entity "led_driver" using architecture "A:rtl" for hierarchy "system:sys|led_driver:leddrv" File: C:/Users/aniru/Documents/EPFL/BA First Year/BA2/DSD/Graded_TP/TP78/tp78/architectures/system-rtl.vhd Line: 128
Info (12129): Elaborating entity "bin_to_bcd" using architecture "A:rtl" for hierarchy "system:sys|bin_to_bcd:bcd" File: C:/Users/aniru/Documents/EPFL/BA First Year/BA2/DSD/Graded_TP/TP78/tp78/architectures/system-rtl.vhd Line: 144
Info (12129): Elaborating entity "bcd_to_7seg" using architecture "A:rtl" for hierarchy "system:sys|bcd_to_7seg:decode1" File: C:/Users/aniru/Documents/EPFL/BA First Year/BA2/DSD/Graded_TP/TP78/tp78/architectures/system-rtl.vhd Line: 150
Warning (13024): Output pins are stuck at VCC or GND
    Warning (13410): Pin "led_array[107]" is stuck at GND File: C:/Users/aniru/Documents/EPFL/BA First Year/BA2/DSD/Graded_TP/TP78/tp78/entities/tp78-entity.vhd Line: 8
    Warning (13410): Pin "led_array[106]" is stuck at GND File: C:/Users/aniru/Documents/EPFL/BA First Year/BA2/DSD/Graded_TP/TP78/tp78/entities/tp78-entity.vhd Line: 8
    Warning (13410): Pin "led_array[105]" is stuck at GND File: C:/Users/aniru/Documents/EPFL/BA First Year/BA2/DSD/Graded_TP/TP78/tp78/entities/tp78-entity.vhd Line: 8
    Warning (13410): Pin "led_array[104]" is stuck at GND File: C:/Users/aniru/Documents/EPFL/BA First Year/BA2/DSD/Graded_TP/TP78/tp78/entities/tp78-entity.vhd Line: 8
    Warning (13410): Pin "led_array[103]" is stuck at GND File: C:/Users/aniru/Documents/EPFL/BA First Year/BA2/DSD/Graded_TP/TP78/tp78/entities/tp78-entity.vhd Line: 8
    Warning (13410): Pin "led_array[100]" is stuck at GND File: C:/Users/aniru/Documents/EPFL/BA First Year/BA2/DSD/Graded_TP/TP78/tp78/entities/tp78-entity.vhd Line: 8
    Warning (13410): Pin "led_array[99]" is stuck at GND File: C:/Users/aniru/Documents/EPFL/BA First Year/BA2/DSD/Graded_TP/TP78/tp78/entities/tp78-entity.vhd Line: 8
    Warning (13410): Pin "led_array[98]" is stuck at GND File: C:/Users/aniru/Documents/EPFL/BA First Year/BA2/DSD/Graded_TP/TP78/tp78/entities/tp78-entity.vhd Line: 8
    Warning (13410): Pin "led_array[97]" is stuck at GND File: C:/Users/aniru/Documents/EPFL/BA First Year/BA2/DSD/Graded_TP/TP78/tp78/entities/tp78-entity.vhd Line: 8
    Warning (13410): Pin "led_array[96]" is stuck at GND File: C:/Users/aniru/Documents/EPFL/BA First Year/BA2/DSD/Graded_TP/TP78/tp78/entities/tp78-entity.vhd Line: 8
    Warning (13410): Pin "led_array[93]" is stuck at GND File: C:/Users/aniru/Documents/EPFL/BA First Year/BA2/DSD/Graded_TP/TP78/tp78/entities/tp78-entity.vhd Line: 8
    Warning (13410): Pin "led_array[90]" is stuck at GND File: C:/Users/aniru/Documents/EPFL/BA First Year/BA2/DSD/Graded_TP/TP78/tp78/entities/tp78-entity.vhd Line: 8
    Warning (13410): Pin "led_array[89]" is stuck at GND File: C:/Users/aniru/Documents/EPFL/BA First Year/BA2/DSD/Graded_TP/TP78/tp78/entities/tp78-entity.vhd Line: 8
    Warning (13410): Pin "led_array[86]" is stuck at GND File: C:/Users/aniru/Documents/EPFL/BA First Year/BA2/DSD/Graded_TP/TP78/tp78/entities/tp78-entity.vhd Line: 8
    Warning (13410): Pin "led_array[81]" is stuck at GND File: C:/Users/aniru/Documents/EPFL/BA First Year/BA2/DSD/Graded_TP/TP78/tp78/entities/tp78-entity.vhd Line: 8
    Warning (13410): Pin "led_array[78]" is stuck at GND File: C:/Users/aniru/Documents/EPFL/BA First Year/BA2/DSD/Graded_TP/TP78/tp78/entities/tp78-entity.vhd Line: 8
    Warning (13410): Pin "led_array[77]" is stuck at GND File: C:/Users/aniru/Documents/EPFL/BA First Year/BA2/DSD/Graded_TP/TP78/tp78/entities/tp78-entity.vhd Line: 8
    Warning (13410): Pin "led_array[74]" is stuck at GND File: C:/Users/aniru/Documents/EPFL/BA First Year/BA2/DSD/Graded_TP/TP78/tp78/entities/tp78-entity.vhd Line: 8
    Warning (13410): Pin "led_array[71]" is stuck at GND File: C:/Users/aniru/Documents/EPFL/BA First Year/BA2/DSD/Graded_TP/TP78/tp78/entities/tp78-entity.vhd Line: 8
    Warning (13410): Pin "led_array[70]" is stuck at GND File: C:/Users/aniru/Documents/EPFL/BA First Year/BA2/DSD/Graded_TP/TP78/tp78/entities/tp78-entity.vhd Line: 8
    Warning (13410): Pin "led_array[69]" is stuck at GND File: C:/Users/aniru/Documents/EPFL/BA First Year/BA2/DSD/Graded_TP/TP78/tp78/entities/tp78-entity.vhd Line: 8
    Warning (13410): Pin "led_array[68]" is stuck at GND File: C:/Users/aniru/Documents/EPFL/BA First Year/BA2/DSD/Graded_TP/TP78/tp78/entities/tp78-entity.vhd Line: 8
    Warning (13410): Pin "led_array[67]" is stuck at GND File: C:/Users/aniru/Documents/EPFL/BA First Year/BA2/DSD/Graded_TP/TP78/tp78/entities/tp78-entity.vhd Line: 8
    Warning (13410): Pin "led_array[66]" is stuck at GND File: C:/Users/aniru/Documents/EPFL/BA First Year/BA2/DSD/Graded_TP/TP78/tp78/entities/tp78-entity.vhd Line: 8
    Warning (13410): Pin "led_array[65]" is stuck at GND File: C:/Users/aniru/Documents/EPFL/BA First Year/BA2/DSD/Graded_TP/TP78/tp78/entities/tp78-entity.vhd Line: 8
    Warning (13410): Pin "led_array[64]" is stuck at GND File: C:/Users/aniru/Documents/EPFL/BA First Year/BA2/DSD/Graded_TP/TP78/tp78/entities/tp78-entity.vhd Line: 8
    Warning (13410): Pin "led_array[63]" is stuck at GND File: C:/Users/aniru/Documents/EPFL/BA First Year/BA2/DSD/Graded_TP/TP78/tp78/entities/tp78-entity.vhd Line: 8
    Warning (13410): Pin "led_array[62]" is stuck at GND File: C:/Users/aniru/Documents/EPFL/BA First Year/BA2/DSD/Graded_TP/TP78/tp78/entities/tp78-entity.vhd Line: 8
    Warning (13410): Pin "led_array[61]" is stuck at GND File: C:/Users/aniru/Documents/EPFL/BA First Year/BA2/DSD/Graded_TP/TP78/tp78/entities/tp78-entity.vhd Line: 8
    Warning (13410): Pin "led_array[60]" is stuck at GND File: C:/Users/aniru/Documents/EPFL/BA First Year/BA2/DSD/Graded_TP/TP78/tp78/entities/tp78-entity.vhd Line: 8
    Warning (13410): Pin "led_array[59]" is stuck at GND File: C:/Users/aniru/Documents/EPFL/BA First Year/BA2/DSD/Graded_TP/TP78/tp78/entities/tp78-entity.vhd Line: 8
    Warning (13410): Pin "led_array[58]" is stuck at GND File: C:/Users/aniru/Documents/EPFL/BA First Year/BA2/DSD/Graded_TP/TP78/tp78/entities/tp78-entity.vhd Line: 8
    Warning (13410): Pin "led_array[57]" is stuck at GND File: C:/Users/aniru/Documents/EPFL/BA First Year/BA2/DSD/Graded_TP/TP78/tp78/entities/tp78-entity.vhd Line: 8
    Warning (13410): Pin "led_array[56]" is stuck at GND File: C:/Users/aniru/Documents/EPFL/BA First Year/BA2/DSD/Graded_TP/TP78/tp78/entities/tp78-entity.vhd Line: 8
    Warning (13410): Pin "led_array[55]" is stuck at GND File: C:/Users/aniru/Documents/EPFL/BA First Year/BA2/DSD/Graded_TP/TP78/tp78/entities/tp78-entity.vhd Line: 8
    Warning (13410): Pin "led_array[54]" is stuck at GND File: C:/Users/aniru/Documents/EPFL/BA First Year/BA2/DSD/Graded_TP/TP78/tp78/entities/tp78-entity.vhd Line: 8
    Warning (13410): Pin "led_array[53]" is stuck at GND File: C:/Users/aniru/Documents/EPFL/BA First Year/BA2/DSD/Graded_TP/TP78/tp78/entities/tp78-entity.vhd Line: 8
    Warning (13410): Pin "led_array[50]" is stuck at GND File: C:/Users/aniru/Documents/EPFL/BA First Year/BA2/DSD/Graded_TP/TP78/tp78/entities/tp78-entity.vhd Line: 8
    Warning (13410): Pin "led_array[47]" is stuck at GND File: C:/Users/aniru/Documents/EPFL/BA First Year/BA2/DSD/Graded_TP/TP78/tp78/entities/tp78-entity.vhd Line: 8
    Warning (13410): Pin "led_array[46]" is stuck at GND File: C:/Users/aniru/Documents/EPFL/BA First Year/BA2/DSD/Graded_TP/TP78/tp78/entities/tp78-entity.vhd Line: 8
    Warning (13410): Pin "led_array[45]" is stuck at GND File: C:/Users/aniru/Documents/EPFL/BA First Year/BA2/DSD/Graded_TP/TP78/tp78/entities/tp78-entity.vhd Line: 8
    Warning (13410): Pin "led_array[44]" is stuck at GND File: C:/Users/aniru/Documents/EPFL/BA First Year/BA2/DSD/Graded_TP/TP78/tp78/entities/tp78-entity.vhd Line: 8
    Warning (13410): Pin "led_array[43]" is stuck at GND File: C:/Users/aniru/Documents/EPFL/BA First Year/BA2/DSD/Graded_TP/TP78/tp78/entities/tp78-entity.vhd Line: 8
    Warning (13410): Pin "led_array[42]" is stuck at GND File: C:/Users/aniru/Documents/EPFL/BA First Year/BA2/DSD/Graded_TP/TP78/tp78/entities/tp78-entity.vhd Line: 8
    Warning (13410): Pin "led_array[41]" is stuck at GND File: C:/Users/aniru/Documents/EPFL/BA First Year/BA2/DSD/Graded_TP/TP78/tp78/entities/tp78-entity.vhd Line: 8
    Warning (13410): Pin "led_array[38]" is stuck at GND File: C:/Users/aniru/Documents/EPFL/BA First Year/BA2/DSD/Graded_TP/TP78/tp78/entities/tp78-entity.vhd Line: 8
    Warning (13410): Pin "led_array[35]" is stuck at GND File: C:/Users/aniru/Documents/EPFL/BA First Year/BA2/DSD/Graded_TP/TP78/tp78/entities/tp78-entity.vhd Line: 8
    Warning (13410): Pin "led_array[34]" is stuck at GND File: C:/Users/aniru/Documents/EPFL/BA First Year/BA2/DSD/Graded_TP/TP78/tp78/entities/tp78-entity.vhd Line: 8
    Warning (13410): Pin "led_array[33]" is stuck at GND File: C:/Users/aniru/Documents/EPFL/BA First Year/BA2/DSD/Graded_TP/TP78/tp78/entities/tp78-entity.vhd Line: 8
    Warning (13410): Pin "led_array[32]" is stuck at GND File: C:/Users/aniru/Documents/EPFL/BA First Year/BA2/DSD/Graded_TP/TP78/tp78/entities/tp78-entity.vhd Line: 8
    Warning (13410): Pin "led_array[31]" is stuck at GND File: C:/Users/aniru/Documents/EPFL/BA First Year/BA2/DSD/Graded_TP/TP78/tp78/entities/tp78-entity.vhd Line: 8
    Warning (13410): Pin "led_array[30]" is stuck at GND File: C:/Users/aniru/Documents/EPFL/BA First Year/BA2/DSD/Graded_TP/TP78/tp78/entities/tp78-entity.vhd Line: 8
    Warning (13410): Pin "led_array[29]" is stuck at GND File: C:/Users/aniru/Documents/EPFL/BA First Year/BA2/DSD/Graded_TP/TP78/tp78/entities/tp78-entity.vhd Line: 8
    Warning (13410): Pin "led_array[28]" is stuck at GND File: C:/Users/aniru/Documents/EPFL/BA First Year/BA2/DSD/Graded_TP/TP78/tp78/entities/tp78-entity.vhd Line: 8
    Warning (13410): Pin "led_array[27]" is stuck at GND File: C:/Users/aniru/Documents/EPFL/BA First Year/BA2/DSD/Graded_TP/TP78/tp78/entities/tp78-entity.vhd Line: 8
    Warning (13410): Pin "led_array[26]" is stuck at GND File: C:/Users/aniru/Documents/EPFL/BA First Year/BA2/DSD/Graded_TP/TP78/tp78/entities/tp78-entity.vhd Line: 8
    Warning (13410): Pin "led_array[25]" is stuck at GND File: C:/Users/aniru/Documents/EPFL/BA First Year/BA2/DSD/Graded_TP/TP78/tp78/entities/tp78-entity.vhd Line: 8
    Warning (13410): Pin "led_array[24]" is stuck at GND File: C:/Users/aniru/Documents/EPFL/BA First Year/BA2/DSD/Graded_TP/TP78/tp78/entities/tp78-entity.vhd Line: 8
    Warning (13410): Pin "led_array[21]" is stuck at GND File: C:/Users/aniru/Documents/EPFL/BA First Year/BA2/DSD/Graded_TP/TP78/tp78/entities/tp78-entity.vhd Line: 8
    Warning (13410): Pin "led_array[18]" is stuck at GND File: C:/Users/aniru/Documents/EPFL/BA First Year/BA2/DSD/Graded_TP/TP78/tp78/entities/tp78-entity.vhd Line: 8
    Warning (13410): Pin "led_array[17]" is stuck at GND File: C:/Users/aniru/Documents/EPFL/BA First Year/BA2/DSD/Graded_TP/TP78/tp78/entities/tp78-entity.vhd Line: 8
    Warning (13410): Pin "led_array[14]" is stuck at GND File: C:/Users/aniru/Documents/EPFL/BA First Year/BA2/DSD/Graded_TP/TP78/tp78/entities/tp78-entity.vhd Line: 8
    Warning (13410): Pin "led_array[9]" is stuck at GND File: C:/Users/aniru/Documents/EPFL/BA First Year/BA2/DSD/Graded_TP/TP78/tp78/entities/tp78-entity.vhd Line: 8
    Warning (13410): Pin "led_array[6]" is stuck at GND File: C:/Users/aniru/Documents/EPFL/BA First Year/BA2/DSD/Graded_TP/TP78/tp78/entities/tp78-entity.vhd Line: 8
    Warning (13410): Pin "led_array[5]" is stuck at GND File: C:/Users/aniru/Documents/EPFL/BA First Year/BA2/DSD/Graded_TP/TP78/tp78/entities/tp78-entity.vhd Line: 8
    Warning (13410): Pin "led_array[2]" is stuck at GND File: C:/Users/aniru/Documents/EPFL/BA First Year/BA2/DSD/Graded_TP/TP78/tp78/entities/tp78-entity.vhd Line: 8
    Warning (13410): Pin "seg1[7]" is stuck at GND File: C:/Users/aniru/Documents/EPFL/BA First Year/BA2/DSD/Graded_TP/TP78/tp78/entities/tp78-entity.vhd Line: 9
    Warning (13410): Pin "seg2[7]" is stuck at GND File: C:/Users/aniru/Documents/EPFL/BA First Year/BA2/DSD/Graded_TP/TP78/tp78/entities/tp78-entity.vhd Line: 10
    Warning (13410): Pin "seg3[7]" is stuck at GND File: C:/Users/aniru/Documents/EPFL/BA First Year/BA2/DSD/Graded_TP/TP78/tp78/entities/tp78-entity.vhd Line: 11
    Warning (13410): Pin "seg4[7]" is stuck at GND File: C:/Users/aniru/Documents/EPFL/BA First Year/BA2/DSD/Graded_TP/TP78/tp78/entities/tp78-entity.vhd Line: 12
Info (286030): Timing-Driven Synthesis is running
Info (16010): Generating hard_block partition "hard_block:auto_generated_inst"
    Info (16011): Adding 0 node(s), including 0 DDIO, 0 PLL, 0 transceiver and 0 LCELL
Info (21057): Implemented 412 device resources after synthesis - the final resource count might be different
    Info (21058): Implemented 1 input pins
    Info (21059): Implemented 140 output pins
    Info (21061): Implemented 271 logic cells
Info: Quartus Prime Analysis & Synthesis was successful. 0 errors, 92 warnings
    Info: Peak virtual memory: 4786 megabytes
    Info: Processing ended: Tue May 25 12:38:28 2021
    Info: Elapsed time: 00:00:13
    Info: Total CPU time (on all processors): 00:00:27


